<?xml version="1.0" encoding="utf-8"?><testsuites name="pytest tests"><testsuite name="pytest" errors="0" failures="1" skipped="0" tests="27" time="10.234" timestamp="2026-06-22T01:52:47.042250+00:00" hostname="agent-env-1753a7e7-e86a-49fd-8ed9-db587fdc3800"><testcase classname="backend.tests.test_iptv_admin_features" name="test_get_settings_user_shape" time="0.534" /><testcase classname="backend.tests.test_iptv_admin_features" name="test_default_vip_plans_seeded" time="0.048" /><testcase classname="backend.tests.test_iptv_admin_features" name="test_get_settings_admin_no_ads" time="0.312" /><testcase classname="backend.tests.test_iptv_admin_features" name="test_admin_settings_update_reflects" time="0.182" /><testcase classname="backend.tests.test_iptv_admin_features" name="test_vip_plans_crud" time="0.268" /><testcase classname="backend.tests.test_iptv_admin_features" name="test_crypto_wallets_crud" time="0.184" /><testcase classname="backend.tests.test_iptv_admin_features" name="test_ads_crud_and_visibility" time="0.276" /><testcase classname="backend.tests.test_iptv_admin_features" name="test_admin_endpoints_forbidden_for_user[GET-/admin/settings]" time="0.046" /><testcase classname="backend.tests.test_iptv_admin_features" name="test_admin_endpoints_forbidden_for_user[PUT-/admin/settings]" time="0.045" /><testcase classname="backend.tests.test_iptv_admin_features" name="test_admin_endpoints_forbidden_for_user[GET-/admin/vip-plans]" time="0.043" /><testcase classname="backend.tests.test_iptv_admin_features" name="test_admin_endpoints_forbidden_for_user[POST-/admin/vip-plans]" time="0.044" /><testcase classname="backend.tests.test_iptv_admin_features" name="test_admin_endpoints_forbidden_for_user[GET-/admin/crypto]" time="0.046" /><testcase classname="backend.tests.test_iptv_admin_features" name="test_admin_endpoints_forbidden_for_user[POST-/admin/crypto]" time="0.043" /><testcase classname="backend.tests.test_iptv_admin_features" name="test_admin_endpoints_forbidden_for_user[GET-/admin/ads]" time="0.044" /><testcase classname="backend.tests.test_iptv_admin_features" name="test_admin_endpoints_forbidden_for_user[POST-/admin/ads]" time="0.046" /><testcase classname="backend.tests.test_iptv_admin_features" name="test_admin_endpoints_forbidden_for_user[GET-/admin/channels]" time="0.046" /><testcase classname="backend.tests.test_iptv_admin_features" name="test_admin_endpoints_forbidden_for_user[GET-/admin/users]" time="0.051" /><testcase classname="backend.tests.test_iptv_admin_features" name="test_admin_endpoints_forbidden_for_user[GET-/admin/stats]" time="0.044" /><testcase classname="backend.tests.test_iptv_admin_features" name="test_admin_endpoints_forbidden_for_user[GET-/admin/sources]" time="0.044" /><testcase classname="backend.tests.test_iptv_admin_features" name="test_admin_channel_crud_and_hidden" time="1.486" /><testcase classname="backend.tests.test_iptv_admin_features" name="test_user_block_login_and_token" time="0.951" /><testcase classname="backend.tests.test_iptv_admin_features" name="test_blocked_token_returns_403_on_me" time="0.150" /><testcase classname="backend.tests.test_iptv_admin_features" name="test_grant_and_revoke_vip_by_days" time="0.316" /><testcase classname="backend.tests.test_iptv_admin_features" name="test_admin_stats_shape" time="0.919" /><testcase classname="backend.tests.test_iptv_admin_features" name="test_no_leak_in_channels" time="0.084" /><testcase classname="backend.tests.test_iptv_admin_features" name="test_no_leak_in_admin_sources" time="0.050" /><testcase classname="backend.tests.test_iptv_admin_features" name="test_resync_preserves_name_override" time="3.725"><failure message="AssertionError: Override name 'TEST_OVERRIDE_1782093175' not preserved after re-sync&#10;assert None is not None">backend/tests/test_iptv_admin_features.py:418: in test_resync_preserves_name_override
    assert ch2 is not None, f"Override name '{new_name}' not preserved after re-sync"
E   AssertionError: Override name 'TEST_OVERRIDE_1782093175' not preserved after re-sync
E   assert None is not None</failure></testcase></testsuite></testsuites>