<?xml version="1.0" encoding="utf-8"?><testsuites name="pytest tests"><testsuite name="pytest" errors="0" failures="0" skipped="0" tests="16" time="5.747" timestamp="2026-06-22T00:35:41.319788+00:00" hostname="agent-env-1753a7e7-e86a-49fd-8ed9-db587fdc3800"><testcase classname="backend.tests.test_iptv_backend" name="test_health" time="0.236" /><testcase classname="backend.tests.test_iptv_backend" name="test_login_admin" time="0.279" /><testcase classname="backend.tests.test_iptv_backend" name="test_auth_me" time="0.322" /><testcase classname="backend.tests.test_iptv_backend" name="test_auth_me_no_token" time="0.051" /><testcase classname="backend.tests.test_iptv_backend" name="test_categories" time="0.044" /><testcase classname="backend.tests.test_iptv_backend" name="test_channels_no_sensitive_keys" time="0.046" /><testcase classname="backend.tests.test_iptv_backend" name="test_channels_filter_category" time="0.048" /><testcase classname="backend.tests.test_iptv_backend" name="test_channels_search_q" time="0.046" /><testcase classname="backend.tests.test_iptv_backend" name="test_stream_non_vip_ok" time="0.097" /><testcase classname="backend.tests.test_iptv_backend" name="test_stream_vip_blocked_for_user" time="0.091" /><testcase classname="backend.tests.test_iptv_backend" name="test_stream_vip_ok_for_admin" time="0.351" /><testcase classname="backend.tests.test_iptv_backend" name="test_favorites_flow" time="0.217" /><testcase classname="backend.tests.test_iptv_backend" name="test_admin_sources_forbidden_for_user" time="0.045" /><testcase classname="backend.tests.test_iptv_backend" name="test_admin_sources_masking_and_sync" time="3.564" /><testcase classname="backend.tests.test_iptv_backend" name="test_admin_users_list_and_role_update" time="0.177" /><testcase classname="backend.tests.test_iptv_backend" name="test_admin_users_forbidden_for_user" time="0.046" /></testsuite></testsuites>